2022-05-05 00:45:24,037 [PID 10444] INFO No binary specified, looking for `pyre.bin` in PATH
2022-05-05 00:45:24,038 [PID 10444] INFO Could not determine the number of Pyre workers from configuration. Auto-set the value to 12.
2022-05-05 00:45:24,075 [PID 10444] INFO No typeshed specified, looking for it...
2022-05-05 00:45:24,075 [PID 10444] INFO Found: `/Users/chanwutk/Documents/geo-video/.venv/lib/pyre_check/typeshed`
2022-05-05 00:45:24,077 [PID 10444] INFO Writing arguments into /var/folders/r2/l4p3593j45gd632ztkryyknr0000gn/T/pyre_arguments_3klwkymh.json...
2022-05-05 00:45:24,078 [PID 10444] DEBUG Arguments:
{
  "source_paths": {
    "kind": "simple",
    "paths": [
      "/Users/chanwutk/Documents/geo-video$geospatialvideo"
    ]
  },
  "search_paths": [
    "/Users/chanwutk/.local/lib/python3.8/site-packages$platformdirs",
    "/Users/chanwutk/.local/lib/python3.8/site-packages$idna",
    "/Users/chanwutk/Documents/geo-video/.venv/lib/python3.8/site-packages$isort",
    "/Users/chanwutk/Documents/geo-video/.venv/lib/python3.8/site-packages$libcst",
    "/Users/chanwutk/Documents/geo-video/.venv/lib/python3.8/site-packages$sniffio",
    "/Users/chanwutk/Documents/geo-video/.venv/lib/python3.8/site-packages$numpy",
    "/Users/chanwutk/Documents/geo-video/.venv/lib/python3.8/site-packages$pyright",
    "/Users/chanwutk/Documents/geo-video/.venv/lib/python3.8/site-packages$anyio",
    "/Users/chanwutk/Documents/geo-video/.venv/lib/python3.8/site-packages$markupsafe",
    "/Users/chanwutk/.local/lib/python3.8/site-packages$importlib_metadata",
    "/Users/chanwutk/.local/lib/python3.8/site-packages$pyparsing",
    "/Users/chanwutk/Documents/geo-video/.venv/lib/python3.8/site-packages$typeguard",
    "/Users/chanwutk/Documents/geo-video/.venv/lib/python3.8/site-packages$importlib_resources",
    "/Users/chanwutk/Documents/geo-video/.venv/lib/python3.8/site-packages$tornado",
    "/Users/chanwutk/.local/lib/python3.8/site-packages$keyring",
    "/Users/chanwutk/Documents/geo-video/.venv/lib/python3.8/site-packages$tomli",
    "/Users/chanwutk/Documents/geo-video/.venv/lib/python3.8/site-packages$soupsieve",
    "/Users/chanwutk/Documents/geo-video/.venv/lib/python3.8/site-packages$attr",
    "/Users/chanwutk/.local/lib/python3.8/site-packages$tomlkit",
    "/Users/chanwutk/Documents/geo-video/.venv/lib/python3.8/site-packages$ipykernel",
    "/Users/chanwutk/Documents/geo-video/.venv/lib/python3.8/site-packages$jupyter_core",
    "/Users/chanwutk/Documents/geo-video/.venv/lib/python3.8/site-packages$click",
    "/Users/chanwutk/Documents/geo-video/.venv/lib/python3.8/site-packages$testslide",
    "/Users/chanwutk/.local/lib/python3.8/site-packages$packaging",
    "/Users/chanwutk/.local/lib/python3.8/site-packages$charset_normalizer",
    "/Users/chanwutk/Documents/geo-video/.venv/lib/python3.8/site-packages$pyrsistent",
    "/Users/chanwutk/Documents/geo-video/.venv/lib/python3.8/site-packages$attrs",
    "/Users/chanwutk/.local/lib/python3.8/site-packages$filelock",
    "/Users/chanwutk/Documents/geo-video/.venv/lib/python3.8/site-packages$zmq",
    "/Users/chanwutk/Documents/geo-video/.venv/lib/python3.8/site-packages$dataclasses_json",
    "/Users/chanwutk/Documents/geo-video/.venv/lib/python3.8/site-packages$nbclient",
    "/Users/chanwutk/Documents/geo-video/.venv/lib/python3.8/site-packages$marshmallow",
    "/Users/chanwutk/Documents/geo-video/.venv/lib/python3.8/site-packages$jupyter_client",
    "/Users/chanwutk/Documents/geo-video/.venv/lib/python3.8/site-packages$prometheus_client",
    "/Users/chanwutk/Documents/geo-video/.venv/lib/python3.8/site-packages$argon2",
    "/Users/chanwutk/Documents/geo-video/.venv/lib/python3.8/site-packages$pure_eval",
    "/Users/chanwutk/Documents/geo-video/.venv/lib/python3.8/site-packages$pip",
    "/Users/chanwutk/Documents/geo-video/.venv/lib/python3.8/site-packages$prompt_toolkit",
    "/Users/chanwutk/Documents/geo-video/.venv/lib/python3.8/site-packages$parso",
    "/Users/chanwutk/Documents/geo-video/.venv/lib/python3.8/site-packages$black",
    "/Users/chanwutk/Documents/geo-video/.venv/lib/python3.8/site-packages$mypy",
    "/Users/chanwutk/Documents/geo-video/.venv/lib/python3.8/site-packages$jinja2",
    "/Users/chanwutk/Documents/geo-video/.venv/lib/pyre_check/typeshed/stdlib",
    "/Users/chanwutk/Documents/geo-video/.venv/lib/pyre_check/typeshed/stubs/DateTimeRange",
    "/Users/chanwutk/Documents/geo-video/.venv/lib/pyre_check/typeshed/stubs/Deprecated",
    "/Users/chanwutk/Documents/geo-video/.venv/lib/pyre_check/typeshed/stubs/Flask-Cors",
    "/Users/chanwutk/Documents/geo-video/.venv/lib/pyre_check/typeshed/stubs/Flask-SQLAlchemy",
    "/Users/chanwutk/Documents/geo-video/.venv/lib/pyre_check/typeshed/stubs/JACK-Client",
    "/Users/chanwutk/Documents/geo-video/.venv/lib/pyre_check/typeshed/stubs/Markdown",
    "/Users/chanwutk/Documents/geo-video/.venv/lib/pyre_check/typeshed/stubs/Pillow",
    "/Users/chanwutk/Documents/geo-video/.venv/lib/pyre_check/typeshed/stubs/PyMySQL",
    "/Users/chanwutk/Documents/geo-video/.venv/lib/pyre_check/typeshed/stubs/PyYAML",
    "/Users/chanwutk/Documents/geo-video/.venv/lib/pyre_check/typeshed/stubs/Pygments",
    "/Users/chanwutk/Documents/geo-video/.venv/lib/pyre_check/typeshed/stubs/SQLAlchemy",
    "/Users/chanwutk/Documents/geo-video/.venv/lib/pyre_check/typeshed/stubs/Send2Trash",
    "/Users/chanwutk/Documents/geo-video/.venv/lib/pyre_check/typeshed/stubs/aiofiles",
    "/Users/chanwutk/Documents/geo-video/.venv/lib/pyre_check/typeshed/stubs/annoy",
    "/Users/chanwutk/Documents/geo-video/.venv/lib/pyre_check/typeshed/stubs/appdirs",
    "/Users/chanwutk/Documents/geo-video/.venv/lib/pyre_check/typeshed/stubs/atomicwrites",
    "/Users/chanwutk/Documents/geo-video/.venv/lib/pyre_check/typeshed/stubs/aws-xray-sdk",
    "/Users/chanwutk/Documents/geo-video/.venv/lib/pyre_check/typeshed/stubs/babel",
    "/Users/chanwutk/Documents/geo-video/.venv/lib/pyre_check/typeshed/stubs/backports.ssl_match_hostname",
    "/Users/chanwutk/Documents/geo-video/.venv/lib/pyre_check/typeshed/stubs/beautifulsoup4",
    "/Users/chanwutk/Documents/geo-video/.venv/lib/pyre_check/typeshed/stubs/bleach",
    "/Users/chanwutk/Documents/geo-video/.venv/lib/pyre_check/typeshed/stubs/boto",
    "/Users/chanwutk/Documents/geo-video/.venv/lib/pyre_check/typeshed/stubs/braintree",
    "/Users/chanwutk/Documents/geo-video/.venv/lib/pyre_check/typeshed/stubs/cachetools",
    "/Users/chanwutk/Documents/geo-video/.venv/lib/pyre_check/typeshed/stubs/caldav",
    "/Users/chanwutk/Documents/geo-video/.venv/lib/pyre_check/typeshed/stubs/certifi",
    "/Users/chanwutk/Documents/geo-video/.venv/lib/pyre_check/typeshed/stubs/characteristic",
    "/Users/chanwutk/Documents/geo-video/.venv/lib/pyre_check/typeshed/stubs/chardet",
    "/Users/chanwutk/Documents/geo-video/.venv/lib/pyre_check/typeshed/stubs/chevron",
    "/Users/chanwutk/Documents/geo-video/.venv/lib/pyre_check/typeshed/stubs/click-spinner",
    "/Users/chanwutk/Documents/geo-video/.venv/lib/pyre_check/typeshed/stubs/colorama",
    "/Users/chanwutk/Documents/geo-video/.venv/lib/pyre_check/typeshed/stubs/commonmark",
    "/Users/chanwutk/Documents/geo-video/.venv/lib/pyre_check/typeshed/stubs/contextvars",
    "/Users/chanwutk/Documents/geo-video/.venv/lib/pyre_check/typeshed/stubs/croniter",
    "/Users/chanwutk/Documents/geo-video/.venv/lib/pyre_check/typeshed/stubs/cryptography",
    "/Users/chanwutk/Documents/geo-video/.venv/lib/pyre_check/typeshed/stubs/dataclasses",
    "/Users/chanwutk/Documents/geo-video/.venv/lib/pyre_check/typeshed/stubs/dateparser",
    "/Users/chanwutk/Documents/geo-video/.venv/lib/pyre_check/typeshed/stubs/decorator",
    "/Users/chanwutk/Documents/geo-video/.venv/lib/pyre_check/typeshed/stubs/docopt",
    "/Users/chanwutk/Documents/geo-video/.venv/lib/pyre_check/typeshed/stubs/docutils",
    "/Users/chanwutk/Documents/geo-video/.venv/lib/pyre_check/typeshed/stubs/editdistance",
    "/Users/chanwutk/Documents/geo-video/.venv/lib/pyre_check/typeshed/stubs/emoji",
    "/Users/chanwutk/Documents/geo-video/.venv/lib/pyre_check/typeshed/stubs/entrypoints",
    "/Users/chanwutk/Documents/geo-video/.venv/lib/pyre_check/typeshed/stubs/filelock",
    "/Users/chanwutk/Documents/geo-video/.venv/lib/pyre_check/typeshed/stubs/first",
    "/Users/chanwutk/Documents/geo-video/.venv/lib/pyre_check/typeshed/stubs/flake8-2020",
    "/Users/chanwutk/Documents/geo-video/.venv/lib/pyre_check/typeshed/stubs/flake8-bugbear",
    "/Users/chanwutk/Documents/geo-video/.venv/lib/pyre_check/typeshed/stubs/flake8-builtins",
    "/Users/chanwutk/Documents/geo-video/.venv/lib/pyre_check/typeshed/stubs/flake8-docstrings",
    "/Users/chanwutk/Documents/geo-video/.venv/lib/pyre_check/typeshed/stubs/flake8-plugin-utils",
    "/Users/chanwutk/Documents/geo-video/.venv/lib/pyre_check/typeshed/stubs/flake8-rst-docstrings",
    "/Users/chanwutk/Documents/geo-video/.venv/lib/pyre_check/typeshed/stubs/flake8-simplify",
    "/Users/chanwutk/Documents/geo-video/.venv/lib/pyre_check/typeshed/stubs/flake8-typing-imports",
    "/Users/chanwutk/Documents/geo-video/.venv/lib/pyre_check/typeshed/stubs/fpdf2",
    "/Users/chanwutk/Documents/geo-video/.venv/lib/pyre_check/typeshed/stubs/freezegun",
    "/Users/chanwutk/Documents/geo-video/.venv/lib/pyre_check/typeshed/stubs/frozendict",
    "/Users/chanwutk/Documents/geo-video/.venv/lib/pyre_check/typeshed/stubs/google-cloud-ndb",
    "/Users/chanwutk/Documents/geo-video/.venv/lib/pyre_check/typeshed/stubs/hdbcli",
    "/Users/chanwutk/Documents/geo-video/.venv/lib/pyre_check/typeshed/stubs/html5lib",
    "/Users/chanwutk/Documents/geo-video/.venv/lib/pyre_check/typeshed/stubs/httplib2",
    "/Users/chanwutk/Documents/geo-video/.venv/lib/pyre_check/typeshed/stubs/humanfriendly",
    "/Users/chanwutk/Documents/geo-video/.venv/lib/pyre_check/typeshed/stubs/invoke",
    "/Users/chanwutk/Documents/geo-video/.venv/lib/pyre_check/typeshed/stubs/jmespath",
    "/Users/chanwutk/Documents/geo-video/.venv/lib/pyre_check/typeshed/stubs/jsonschema",
    "/Users/chanwutk/Documents/geo-video/.venv/lib/pyre_check/typeshed/stubs/ldap3",
    "/Users/chanwutk/Documents/geo-video/.venv/lib/pyre_check/typeshed/stubs/mock",
    "/Users/chanwutk/Documents/geo-video/.venv/lib/pyre_check/typeshed/stubs/mypy-extensions",
    "/Users/chanwutk/Documents/geo-video/.venv/lib/pyre_check/typeshed/stubs/mysqlclient",
    "/Users/chanwutk/Documents/geo-video/.venv/lib/pyre_check/typeshed/stubs/oauthlib",
    "/Users/chanwutk/Documents/geo-video/.venv/lib/pyre_check/typeshed/stubs/openpyxl",
    "/Users/chanwutk/Documents/geo-video/.venv/lib/pyre_check/typeshed/stubs/opentracing",
    "/Users/chanwutk/Documents/geo-video/.venv/lib/pyre_check/typeshed/stubs/paramiko",
    "/Users/chanwutk/Documents/geo-video/.venv/lib/pyre_check/typeshed/stubs/parsimonious",
    "/Users/chanwutk/Documents/geo-video/.venv/lib/pyre_check/typeshed/stubs/passlib",
    "/Users/chanwutk/Documents/geo-video/.venv/lib/pyre_check/typeshed/stubs/passpy",
    "/Users/chanwutk/Documents/geo-video/.venv/lib/pyre_check/typeshed/stubs/pep8-naming",
    "/Users/chanwutk/Documents/geo-video/.venv/lib/pyre_check/typeshed/stubs/playsound",
    "/Users/chanwutk/Documents/geo-video/.venv/lib/pyre_check/typeshed/stubs/polib",
    "/Users/chanwutk/Documents/geo-video/.venv/lib/pyre_check/typeshed/stubs/prettytable",
    "/Users/chanwutk/Documents/geo-video/.venv/lib/pyre_check/typeshed/stubs/protobuf",
    "/Users/chanwutk/Documents/geo-video/.venv/lib/pyre_check/typeshed/stubs/psutil",
    "/Users/chanwutk/Documents/geo-video/.venv/lib/pyre_check/typeshed/stubs/psycopg2",
    "/Users/chanwutk/Documents/geo-video/.venv/lib/pyre_check/typeshed/stubs/pyOpenSSL",
    "/Users/chanwutk/Documents/geo-video/.venv/lib/pyre_check/typeshed/stubs/pyRFC3339",
    "/Users/chanwutk/Documents/geo-video/.venv/lib/pyre_check/typeshed/stubs/pyaudio",
    "/Users/chanwutk/Documents/geo-video/.venv/lib/pyre_check/typeshed/stubs/pycurl",
    "/Users/chanwutk/Documents/geo-video/.venv/lib/pyre_check/typeshed/stubs/pyfarmhash",
    "/Users/chanwutk/Documents/geo-video/.venv/lib/pyre_check/typeshed/stubs/pyflakes",
    "/Users/chanwutk/Documents/geo-video/.venv/lib/pyre_check/typeshed/stubs/pynput",
    "/Users/chanwutk/Documents/geo-video/.venv/lib/pyre_check/typeshed/stubs/pysftp",
    "/Users/chanwutk/Documents/geo-video/.venv/lib/pyre_check/typeshed/stubs/pytest-lazy-fixture",
    "/Users/chanwutk/Documents/geo-video/.venv/lib/pyre_check/typeshed/stubs/python-dateutil",
    "/Users/chanwutk/Documents/geo-video/.venv/lib/pyre_check/typeshed/stubs/python-gflags",
    "/Users/chanwutk/Documents/geo-video/.venv/lib/pyre_check/typeshed/stubs/python-nmap",
    "/Users/chanwutk/Documents/geo-video/.venv/lib/pyre_check/typeshed/stubs/python-slugify",
    "/Users/chanwutk/Documents/geo-video/.venv/lib/pyre_check/typeshed/stubs/pytz",
    "/Users/chanwutk/Documents/geo-video/.venv/lib/pyre_check/typeshed/stubs/pyvmomi",
    "/Users/chanwutk/Documents/geo-video/.venv/lib/pyre_check/typeshed/stubs/redis",
    "/Users/chanwutk/Documents/geo-video/.venv/lib/pyre_check/typeshed/stubs/regex",
    "/Users/chanwutk/Documents/geo-video/.venv/lib/pyre_check/typeshed/stubs/requests",
    "/Users/chanwutk/Documents/geo-video/.venv/lib/pyre_check/typeshed/stubs/retry",
    "/Users/chanwutk/Documents/geo-video/.venv/lib/pyre_check/typeshed/stubs/selenium",
    "/Users/chanwutk/Documents/geo-video/.venv/lib/pyre_check/typeshed/stubs/setuptools",
    "/Users/chanwutk/Documents/geo-video/.venv/lib/pyre_check/typeshed/stubs/simplejson",
    "/Users/chanwutk/Documents/geo-video/.venv/lib/pyre_check/typeshed/stubs/singledispatch",
    "/Users/chanwutk/Documents/geo-video/.venv/lib/pyre_check/typeshed/stubs/six",
    "/Users/chanwutk/Documents/geo-video/.venv/lib/pyre_check/typeshed/stubs/slumber",
    "/Users/chanwutk/Documents/geo-video/.venv/lib/pyre_check/typeshed/stubs/stdlib-list",
    "/Users/chanwutk/Documents/geo-video/.venv/lib/pyre_check/typeshed/stubs/stripe",
    "/Users/chanwutk/Documents/geo-video/.venv/lib/pyre_check/typeshed/stubs/tabulate",
    "/Users/chanwutk/Documents/geo-video/.venv/lib/pyre_check/typeshed/stubs/termcolor",
    "/Users/chanwutk/Documents/geo-video/.venv/lib/pyre_check/typeshed/stubs/toml",
    "/Users/chanwutk/Documents/geo-video/.venv/lib/pyre_check/typeshed/stubs/toposort",
    "/Users/chanwutk/Documents/geo-video/.venv/lib/pyre_check/typeshed/stubs/ttkthemes",
    "/Users/chanwutk/Documents/geo-video/.venv/lib/pyre_check/typeshed/stubs/typed-ast",
    "/Users/chanwutk/Documents/geo-video/.venv/lib/pyre_check/typeshed/stubs/tzlocal",
    "/Users/chanwutk/Documents/geo-video/.venv/lib/pyre_check/typeshed/stubs/ujson",
    "/Users/chanwutk/Documents/geo-video/.venv/lib/pyre_check/typeshed/stubs/urllib3",
    "/Users/chanwutk/Documents/geo-video/.venv/lib/pyre_check/typeshed/stubs/vobject",
    "/Users/chanwutk/Documents/geo-video/.venv/lib/pyre_check/typeshed/stubs/waitress",
    "/Users/chanwutk/Documents/geo-video/.venv/lib/pyre_check/typeshed/stubs/whatthepatch",
    "/Users/chanwutk/Documents/geo-video/.venv/lib/pyre_check/typeshed/stubs/xmltodict",
    "/Users/chanwutk/Documents/geo-video/.venv/lib/pyre_check/typeshed/stubs/xxhash"
  ],
  "excludes": [],
  "checked_directory_allowlist": [
    "/Users/chanwutk/Documents/geo-video/geospatialvideo"
  ],
  "checked_directory_blocklist": [],
  "extensions": [],
  "log_path": "/Users/chanwutk/Documents/geo-video/.pyre",
  "global_root": "/Users/chanwutk/Documents/geo-video",
  "debug": false,
  "python_version": {
    "major": 3,
    "minor": 8,
    "micro": 12
  },
  "shared_memory": {},
  "parallel": true,
  "number_of_workers": 12,
  "additional_logging_sections": [],
  "show_error_traces": false,
  "strict": false
}
2022-05-05 00:45:24,464 [PID 10444] INFO  Initializing shared memory [heap_size=8589934592, dep_table_pow=27, hash_table_pow=26]
2022-05-05 00:45:24,502 [PID 10444] INFO  Building module tracker...
2022-05-05 00:45:25,000 [PID 10444] PERFORMANCE  Module tracker built: 0.508s
2022-05-05 00:45:25,000 [PID 10444] INFO  Building type environment...
2022-05-05 00:45:25,320 [PID 10444] PERFORMANCE  Sources parsed: 0.032s
2022-05-05 00:45:25,350 [PID 10444] PERFORMANCE  Full environment built: 0.350s
2022-05-05 00:45:25,350 [PID 10444] INFO  Checking 53 functions...
2022-05-05 00:45:25,497 [PID 10444] INFO  Processed 53 of 53 functions
2022-05-05 00:45:25,497 [PID 10444] PERFORMANCE  Check_TypeCheck: 0.147s
2022-05-05 00:45:25,497 [PID 10444] MEMORY  Shared memory size post-typecheck (size: 0)
2022-05-05 00:45:25,497 [PID 10444] INFO  Postprocessing 19 sources...
2022-05-05 00:45:25,498 [PID 10444] INFO  Postprocessed 19 of 19 sources
2022-05-05 00:45:25,498 [PID 10444] PERFORMANCE  Check_Postprocessing: 0.002s
2022-05-05 00:45:25,500 [PID 10444] PERFORMANCE  Check: 1.009s
2022-05-05 00:45:25,535 [PID 10444] ERROR Found 1 type error!
2022-05-24 13:56:46,292 [PID 7686] INFO No binary specified, looking for `pyre.bin` in PATH
2022-05-24 13:56:46,293 [PID 7686] INFO Could not determine the number of Pyre workers from configuration. Auto-set the value to 12.
2022-05-24 13:56:46,317 [PID 7686] INFO No typeshed specified, looking for it...
2022-05-24 13:56:46,317 [PID 7686] INFO Found: `/Users/chanwutk/Documents/geo-video/.venv/lib/pyre_check/typeshed`
2022-05-24 13:56:46,319 [PID 7686] INFO Writing arguments into /var/folders/r2/l4p3593j45gd632ztkryyknr0000gn/T/pyre_arguments_v8woe143.json...
2022-05-24 13:56:46,320 [PID 7686] DEBUG Arguments:
{
  "source_paths": {
    "kind": "simple",
    "paths": [
      "/Users/chanwutk/Documents/geo-video$geospatialvideo"
    ]
  },
  "search_paths": [
    "/Users/chanwutk/Documents/geo-video/.venv/lib/python3.8/site-packages$parso",
    "/Users/chanwutk/Documents/geo-video/.venv/lib/python3.8/site-packages$pyrsistent",
    "/Users/chanwutk/Documents/geo-video/.venv/lib/python3.8/site-packages$soupsieve",
    "/Users/chanwutk/Documents/geo-video/.venv/lib/python3.8/site-packages$pyright",
    "/Users/chanwutk/Documents/geo-video/.venv/lib/python3.8/site-packages$jinja2",
    "/Users/chanwutk/Documents/geo-video/.venv/lib/python3.8/site-packages$nbclient",
    "/Users/chanwutk/.local/lib/python3.8/site-packages$platformdirs",
    "/Users/chanwutk/Documents/geo-video/.venv/lib/python3.8/site-packages$mypy",
    "/Users/chanwutk/.local/lib/python3.8/site-packages$idna",
    "/Users/chanwutk/Documents/geo-video/.venv/lib/python3.8/site-packages$zmq",
    "/Users/chanwutk/.local/lib/python3.8/site-packages$importlib_metadata",
    "/Users/chanwutk/Documents/geo-video/.venv/lib/python3.8/site-packages$marshmallow",
    "/Users/chanwutk/Documents/geo-video/.venv/lib/python3.8/site-packages$traitlets",
    "/Users/chanwutk/Documents/geo-video/.venv/lib/python3.8/site-packages$sniffio",
    "/Users/chanwutk/Documents/geo-video/.venv/lib/python3.8/site-packages$jupyter_core",
    "/Users/chanwutk/Documents/geo-video/.venv/lib/python3.8/site-packages$pip",
    "/Users/chanwutk/Documents/geo-video/.venv/lib/python3.8/site-packages$typeguard",
    "/Users/chanwutk/Documents/geo-video/.venv/lib/python3.8/site-packages$pure_eval",
    "/Users/chanwutk/Documents/geo-video/.venv/lib/python3.8/site-packages$markupsafe",
    "/Users/chanwutk/Documents/geo-video/.venv/lib/python3.8/site-packages$anyio",
    "/Users/chanwutk/Documents/geo-video/.venv/lib/python3.8/site-packages$attr",
    "/Users/chanwutk/Documents/geo-video/.venv/lib/python3.8/site-packages$jupyter_client",
    "/Users/chanwutk/Documents/geo-video/.venv/lib/python3.8/site-packages$ipykernel",
    "/Users/chanwutk/Documents/geo-video/.venv/lib/python3.8/site-packages$libcst",
    "/Users/chanwutk/Documents/geo-video/.venv/lib/python3.8/site-packages$attrs",
    "/Users/chanwutk/Documents/geo-video/.venv/lib/python3.8/site-packages$isort",
    "/Users/chanwutk/.local/lib/python3.8/site-packages$tomlkit",
    "/Users/chanwutk/Documents/geo-video/.venv/lib/python3.8/site-packages$numpy",
    "/Users/chanwutk/.local/lib/python3.8/site-packages$filelock",
    "/Users/chanwutk/Documents/geo-video/.venv/lib/python3.8/site-packages$prometheus_client",
    "/Users/chanwutk/Documents/geo-video/.venv/lib/python3.8/site-packages$black",
    "/Users/chanwutk/Documents/geo-video/.venv/lib/python3.8/site-packages$tornado",
    "/Users/chanwutk/Documents/geo-video/.venv/lib/python3.8/site-packages$click",
    "/Users/chanwutk/.local/lib/python3.8/site-packages$keyring",
    "/Users/chanwutk/Documents/geo-video/.venv/lib/python3.8/site-packages$prompt_toolkit",
    "/Users/chanwutk/Documents/geo-video/.venv/lib/python3.8/site-packages$dataclasses_json",
    "/Users/chanwutk/Documents/geo-video/.venv/lib/python3.8/site-packages$testslide",
    "/Users/chanwutk/.local/lib/python3.8/site-packages$packaging",
    "/Users/chanwutk/Documents/geo-video/.venv/lib/python3.8/site-packages$argon2",
    "/Users/chanwutk/Documents/geo-video/.venv/lib/python3.8/site-packages$importlib_resources",
    "/Users/chanwutk/Documents/geo-video/.venv/lib/python3.8/site-packages$tomli",
    "/Users/chanwutk/Documents/geo-video/.venv/lib/python3.8/site-packages$nbformat",
    "/Users/chanwutk/.local/lib/python3.8/site-packages$charset_normalizer",
    "/Users/chanwutk/.local/lib/python3.8/site-packages$pyparsing",
    "/Users/chanwutk/Documents/geo-video/.venv/lib/pyre_check/typeshed/stdlib",
    "/Users/chanwutk/Documents/geo-video/.venv/lib/pyre_check/typeshed/stubs/DateTimeRange",
    "/Users/chanwutk/Documents/geo-video/.venv/lib/pyre_check/typeshed/stubs/Deprecated",
    "/Users/chanwutk/Documents/geo-video/.venv/lib/pyre_check/typeshed/stubs/Flask-Cors",
    "/Users/chanwutk/Documents/geo-video/.venv/lib/pyre_check/typeshed/stubs/Flask-SQLAlchemy",
    "/Users/chanwutk/Documents/geo-video/.venv/lib/pyre_check/typeshed/stubs/JACK-Client",
    "/Users/chanwutk/Documents/geo-video/.venv/lib/pyre_check/typeshed/stubs/Markdown",
    "/Users/chanwutk/Documents/geo-video/.venv/lib/pyre_check/typeshed/stubs/Pillow",
    "/Users/chanwutk/Documents/geo-video/.venv/lib/pyre_check/typeshed/stubs/PyMySQL",
    "/Users/chanwutk/Documents/geo-video/.venv/lib/pyre_check/typeshed/stubs/PyYAML",
    "/Users/chanwutk/Documents/geo-video/.venv/lib/pyre_check/typeshed/stubs/Pygments",
    "/Users/chanwutk/Documents/geo-video/.venv/lib/pyre_check/typeshed/stubs/SQLAlchemy",
    "/Users/chanwutk/Documents/geo-video/.venv/lib/pyre_check/typeshed/stubs/Send2Trash",
    "/Users/chanwutk/Documents/geo-video/.venv/lib/pyre_check/typeshed/stubs/aiofiles",
    "/Users/chanwutk/Documents/geo-video/.venv/lib/pyre_check/typeshed/stubs/annoy",
    "/Users/chanwutk/Documents/geo-video/.venv/lib/pyre_check/typeshed/stubs/appdirs",
    "/Users/chanwutk/Documents/geo-video/.venv/lib/pyre_check/typeshed/stubs/atomicwrites",
    "/Users/chanwutk/Documents/geo-video/.venv/lib/pyre_check/typeshed/stubs/aws-xray-sdk",
    "/Users/chanwutk/Documents/geo-video/.venv/lib/pyre_check/typeshed/stubs/babel",
    "/Users/chanwutk/Documents/geo-video/.venv/lib/pyre_check/typeshed/stubs/backports.ssl_match_hostname",
    "/Users/chanwutk/Documents/geo-video/.venv/lib/pyre_check/typeshed/stubs/beautifulsoup4",
    "/Users/chanwutk/Documents/geo-video/.venv/lib/pyre_check/typeshed/stubs/bleach",
    "/Users/chanwutk/Documents/geo-video/.venv/lib/pyre_check/typeshed/stubs/boto",
    "/Users/chanwutk/Documents/geo-video/.venv/lib/pyre_check/typeshed/stubs/braintree",
    "/Users/chanwutk/Documents/geo-video/.venv/lib/pyre_check/typeshed/stubs/cachetools",
    "/Users/chanwutk/Documents/geo-video/.venv/lib/pyre_check/typeshed/stubs/caldav",
    "/Users/chanwutk/Documents/geo-video/.venv/lib/pyre_check/typeshed/stubs/certifi",
    "/Users/chanwutk/Documents/geo-video/.venv/lib/pyre_check/typeshed/stubs/characteristic",
    "/Users/chanwutk/Documents/geo-video/.venv/lib/pyre_check/typeshed/stubs/chardet",
    "/Users/chanwutk/Documents/geo-video/.venv/lib/pyre_check/typeshed/stubs/chevron",
    "/Users/chanwutk/Documents/geo-video/.venv/lib/pyre_check/typeshed/stubs/click-spinner",
    "/Users/chanwutk/Documents/geo-video/.venv/lib/pyre_check/typeshed/stubs/colorama",
    "/Users/chanwutk/Documents/geo-video/.venv/lib/pyre_check/typeshed/stubs/commonmark",
    "/Users/chanwutk/Documents/geo-video/.venv/lib/pyre_check/typeshed/stubs/contextvars",
    "/Users/chanwutk/Documents/geo-video/.venv/lib/pyre_check/typeshed/stubs/croniter",
    "/Users/chanwutk/Documents/geo-video/.venv/lib/pyre_check/typeshed/stubs/cryptography",
    "/Users/chanwutk/Documents/geo-video/.venv/lib/pyre_check/typeshed/stubs/dataclasses",
    "/Users/chanwutk/Documents/geo-video/.venv/lib/pyre_check/typeshed/stubs/dateparser",
    "/Users/chanwutk/Documents/geo-video/.venv/lib/pyre_check/typeshed/stubs/decorator",
    "/Users/chanwutk/Documents/geo-video/.venv/lib/pyre_check/typeshed/stubs/docopt",
    "/Users/chanwutk/Documents/geo-video/.venv/lib/pyre_check/typeshed/stubs/docutils",
    "/Users/chanwutk/Documents/geo-video/.venv/lib/pyre_check/typeshed/stubs/editdistance",
    "/Users/chanwutk/Documents/geo-video/.venv/lib/pyre_check/typeshed/stubs/emoji",
    "/Users/chanwutk/Documents/geo-video/.venv/lib/pyre_check/typeshed/stubs/entrypoints",
    "/Users/chanwutk/Documents/geo-video/.venv/lib/pyre_check/typeshed/stubs/filelock",
    "/Users/chanwutk/Documents/geo-video/.venv/lib/pyre_check/typeshed/stubs/first",
    "/Users/chanwutk/Documents/geo-video/.venv/lib/pyre_check/typeshed/stubs/flake8-2020",
    "/Users/chanwutk/Documents/geo-video/.venv/lib/pyre_check/typeshed/stubs/flake8-bugbear",
    "/Users/chanwutk/Documents/geo-video/.venv/lib/pyre_check/typeshed/stubs/flake8-builtins",
    "/Users/chanwutk/Documents/geo-video/.venv/lib/pyre_check/typeshed/stubs/flake8-docstrings",
    "/Users/chanwutk/Documents/geo-video/.venv/lib/pyre_check/typeshed/stubs/flake8-plugin-utils",
    "/Users/chanwutk/Documents/geo-video/.venv/lib/pyre_check/typeshed/stubs/flake8-rst-docstrings",
    "/Users/chanwutk/Documents/geo-video/.venv/lib/pyre_check/typeshed/stubs/flake8-simplify",
    "/Users/chanwutk/Documents/geo-video/.venv/lib/pyre_check/typeshed/stubs/flake8-typing-imports",
    "/Users/chanwutk/Documents/geo-video/.venv/lib/pyre_check/typeshed/stubs/fpdf2",
    "/Users/chanwutk/Documents/geo-video/.venv/lib/pyre_check/typeshed/stubs/freezegun",
    "/Users/chanwutk/Documents/geo-video/.venv/lib/pyre_check/typeshed/stubs/frozendict",
    "/Users/chanwutk/Documents/geo-video/.venv/lib/pyre_check/typeshed/stubs/google-cloud-ndb",
    "/Users/chanwutk/Documents/geo-video/.venv/lib/pyre_check/typeshed/stubs/hdbcli",
    "/Users/chanwutk/Documents/geo-video/.venv/lib/pyre_check/typeshed/stubs/html5lib",
    "/Users/chanwutk/Documents/geo-video/.venv/lib/pyre_check/typeshed/stubs/httplib2",
    "/Users/chanwutk/Documents/geo-video/.venv/lib/pyre_check/typeshed/stubs/humanfriendly",
    "/Users/chanwutk/Documents/geo-video/.venv/lib/pyre_check/typeshed/stubs/invoke",
    "/Users/chanwutk/Documents/geo-video/.venv/lib/pyre_check/typeshed/stubs/jmespath",
    "/Users/chanwutk/Documents/geo-video/.venv/lib/pyre_check/typeshed/stubs/jsonschema",
    "/Users/chanwutk/Documents/geo-video/.venv/lib/pyre_check/typeshed/stubs/ldap3",
    "/Users/chanwutk/Documents/geo-video/.venv/lib/pyre_check/typeshed/stubs/mock",
    "/Users/chanwutk/Documents/geo-video/.venv/lib/pyre_check/typeshed/stubs/mypy-extensions",
    "/Users/chanwutk/Documents/geo-video/.venv/lib/pyre_check/typeshed/stubs/mysqlclient",
    "/Users/chanwutk/Documents/geo-video/.venv/lib/pyre_check/typeshed/stubs/oauthlib",
    "/Users/chanwutk/Documents/geo-video/.venv/lib/pyre_check/typeshed/stubs/openpyxl",
    "/Users/chanwutk/Documents/geo-video/.venv/lib/pyre_check/typeshed/stubs/opentracing",
    "/Users/chanwutk/Documents/geo-video/.venv/lib/pyre_check/typeshed/stubs/paramiko",
    "/Users/chanwutk/Documents/geo-video/.venv/lib/pyre_check/typeshed/stubs/parsimonious",
    "/Users/chanwutk/Documents/geo-video/.venv/lib/pyre_check/typeshed/stubs/passlib",
    "/Users/chanwutk/Documents/geo-video/.venv/lib/pyre_check/typeshed/stubs/passpy",
    "/Users/chanwutk/Documents/geo-video/.venv/lib/pyre_check/typeshed/stubs/pep8-naming",
    "/Users/chanwutk/Documents/geo-video/.venv/lib/pyre_check/typeshed/stubs/playsound",
    "/Users/chanwutk/Documents/geo-video/.venv/lib/pyre_check/typeshed/stubs/polib",
    "/Users/chanwutk/Documents/geo-video/.venv/lib/pyre_check/typeshed/stubs/prettytable",
    "/Users/chanwutk/Documents/geo-video/.venv/lib/pyre_check/typeshed/stubs/protobuf",
    "/Users/chanwutk/Documents/geo-video/.venv/lib/pyre_check/typeshed/stubs/psutil",
    "/Users/chanwutk/Documents/geo-video/.venv/lib/pyre_check/typeshed/stubs/psycopg2",
    "/Users/chanwutk/Documents/geo-video/.venv/lib/pyre_check/typeshed/stubs/pyOpenSSL",
    "/Users/chanwutk/Documents/geo-video/.venv/lib/pyre_check/typeshed/stubs/pyRFC3339",
    "/Users/chanwutk/Documents/geo-video/.venv/lib/pyre_check/typeshed/stubs/pyaudio",
    "/Users/chanwutk/Documents/geo-video/.venv/lib/pyre_check/typeshed/stubs/pycurl",
    "/Users/chanwutk/Documents/geo-video/.venv/lib/pyre_check/typeshed/stubs/pyfarmhash",
    "/Users/chanwutk/Documents/geo-video/.venv/lib/pyre_check/typeshed/stubs/pyflakes",
    "/Users/chanwutk/Documents/geo-video/.venv/lib/pyre_check/typeshed/stubs/pynput",
    "/Users/chanwutk/Documents/geo-video/.venv/lib/pyre_check/typeshed/stubs/pysftp",
    "/Users/chanwutk/Documents/geo-video/.venv/lib/pyre_check/typeshed/stubs/pytest-lazy-fixture",
    "/Users/chanwutk/Documents/geo-video/.venv/lib/pyre_check/typeshed/stubs/python-dateutil",
    "/Users/chanwutk/Documents/geo-video/.venv/lib/pyre_check/typeshed/stubs/python-gflags",
    "/Users/chanwutk/Documents/geo-video/.venv/lib/pyre_check/typeshed/stubs/python-nmap",
    "/Users/chanwutk/Documents/geo-video/.venv/lib/pyre_check/typeshed/stubs/python-slugify",
    "/Users/chanwutk/Documents/geo-video/.venv/lib/pyre_check/typeshed/stubs/pytz",
    "/Users/chanwutk/Documents/geo-video/.venv/lib/pyre_check/typeshed/stubs/pyvmomi",
    "/Users/chanwutk/Documents/geo-video/.venv/lib/pyre_check/typeshed/stubs/redis",
    "/Users/chanwutk/Documents/geo-video/.venv/lib/pyre_check/typeshed/stubs/regex",
    "/Users/chanwutk/Documents/geo-video/.venv/lib/pyre_check/typeshed/stubs/requests",
    "/Users/chanwutk/Documents/geo-video/.venv/lib/pyre_check/typeshed/stubs/retry",
    "/Users/chanwutk/Documents/geo-video/.venv/lib/pyre_check/typeshed/stubs/selenium",
    "/Users/chanwutk/Documents/geo-video/.venv/lib/pyre_check/typeshed/stubs/setuptools",
    "/Users/chanwutk/Documents/geo-video/.venv/lib/pyre_check/typeshed/stubs/simplejson",
    "/Users/chanwutk/Documents/geo-video/.venv/lib/pyre_check/typeshed/stubs/singledispatch",
    "/Users/chanwutk/Documents/geo-video/.venv/lib/pyre_check/typeshed/stubs/six",
    "/Users/chanwutk/Documents/geo-video/.venv/lib/pyre_check/typeshed/stubs/slumber",
    "/Users/chanwutk/Documents/geo-video/.venv/lib/pyre_check/typeshed/stubs/stdlib-list",
    "/Users/chanwutk/Documents/geo-video/.venv/lib/pyre_check/typeshed/stubs/stripe",
    "/Users/chanwutk/Documents/geo-video/.venv/lib/pyre_check/typeshed/stubs/tabulate",
    "/Users/chanwutk/Documents/geo-video/.venv/lib/pyre_check/typeshed/stubs/termcolor",
    "/Users/chanwutk/Documents/geo-video/.venv/lib/pyre_check/typeshed/stubs/toml",
    "/Users/chanwutk/Documents/geo-video/.venv/lib/pyre_check/typeshed/stubs/toposort",
    "/Users/chanwutk/Documents/geo-video/.venv/lib/pyre_check/typeshed/stubs/ttkthemes",
    "/Users/chanwutk/Documents/geo-video/.venv/lib/pyre_check/typeshed/stubs/typed-ast",
    "/Users/chanwutk/Documents/geo-video/.venv/lib/pyre_check/typeshed/stubs/tzlocal",
    "/Users/chanwutk/Documents/geo-video/.venv/lib/pyre_check/typeshed/stubs/ujson",
    "/Users/chanwutk/Documents/geo-video/.venv/lib/pyre_check/typeshed/stubs/urllib3",
    "/Users/chanwutk/Documents/geo-video/.venv/lib/pyre_check/typeshed/stubs/vobject",
    "/Users/chanwutk/Documents/geo-video/.venv/lib/pyre_check/typeshed/stubs/waitress",
    "/Users/chanwutk/Documents/geo-video/.venv/lib/pyre_check/typeshed/stubs/whatthepatch",
    "/Users/chanwutk/Documents/geo-video/.venv/lib/pyre_check/typeshed/stubs/xmltodict",
    "/Users/chanwutk/Documents/geo-video/.venv/lib/pyre_check/typeshed/stubs/xxhash"
  ],
  "excludes": [],
  "checked_directory_allowlist": [
    "/Users/chanwutk/Documents/geo-video/geospatialvideo"
  ],
  "checked_directory_blocklist": [],
  "extensions": [],
  "log_path": "/Users/chanwutk/Documents/geo-video/.pyre",
  "global_root": "/Users/chanwutk/Documents/geo-video",
  "debug": false,
  "python_version": {
    "major": 3,
    "minor": 8,
    "micro": 12
  },
  "shared_memory": {},
  "parallel": true,
  "number_of_workers": 12,
  "additional_logging_sections": [],
  "show_error_traces": false,
  "strict": false
}
2022-05-24 13:56:46,772 [PID 7686] INFO  Initializing shared memory [heap_size=8589934592, dep_table_pow=27, hash_table_pow=26]
2022-05-24 13:56:46,803 [PID 7686] INFO  Building module tracker...
2022-05-24 13:56:47,352 [PID 7686] PERFORMANCE  Module tracker built: 0.550s
2022-05-24 13:56:47,352 [PID 7686] INFO  Building type environment...
2022-05-24 13:56:47,663 [PID 7686] PERFORMANCE  Sources parsed: 0.040s
2022-05-24 13:56:47,696 [PID 7686] PERFORMANCE  Full environment built: 0.344s
2022-05-24 13:56:47,696 [PID 7686] INFO  Checking 55 functions...
2022-05-24 13:56:47,853 [PID 7686] INFO  Processed 55 of 55 functions
2022-05-24 13:56:47,853 [PID 7686] PERFORMANCE  Check_TypeCheck: 0.157s
2022-05-24 13:56:47,854 [PID 7686] MEMORY  Shared memory size post-typecheck (size: 0)
2022-05-24 13:56:47,854 [PID 7686] INFO  Postprocessing 20 sources...
2022-05-24 13:56:47,855 [PID 7686] INFO  Postprocessed 20 of 20 sources
2022-05-24 13:56:47,855 [PID 7686] PERFORMANCE  Check_Postprocessing: 0.002s
2022-05-24 13:56:47,856 [PID 7686] PERFORMANCE  Check: 1.055s
2022-05-24 13:56:47,891 [PID 7686] ERROR Found 1 type error!
